<?xml version="1.0" encoding="UTF-8"?>
<robot generator="Robot 7.3.2 (Python 3.12.10 on win32)" generated="2025-08-06T05:16:52.725602" rpa="false" schemaversion="5">
<suite id="s1" name="Tests" source="C:\Users\ryans\Documents\code\robot-automated-tester\tests">
<suite id="s1-s1" name="Example Test" source="C:\Users\ryans\Documents\code\robot-automated-tester\tests\example_test.robot">
<test id="s1-s1-t1" name="Open Chrome And Go To Example" line="6">
<kw name="Open Browser" owner="SeleniumLibrary">
<msg time="2025-08-06T05:16:53.360160" level="INFO">Opening browser 'chrome' to base url 'https://example.com'.</msg>
<arg>${EXAMPLE_URL}</arg>
<arg>chrome</arg>
<doc>Opens a new browser instance to the optional ``url``.</doc>
<status status="PASS" start="2025-08-06T05:16:53.359608" elapsed="15.666454"/>
</kw>
<kw name="Title Should Be" owner="SeleniumLibrary">
<msg time="2025-08-06T05:17:09.061684" level="INFO">Page title is 'Example Domain'.</msg>
<arg>Example Domain</arg>
<doc>Verifies that the current page title equals ``title``.</doc>
<status status="PASS" start="2025-08-06T05:17:09.027184" elapsed="0.034500"/>
</kw>
<kw name="Capture Page Screenshot" owner="SeleniumLibrary">
<msg time="2025-08-06T05:17:10.744671" level="INFO" html="true">&lt;/td&gt;&lt;/tr&gt;&lt;tr&gt;&lt;td colspan="3"&gt;&lt;a href="selenium-screenshot-1.png"&gt;&lt;img src="selenium-screenshot-1.png" width="800px"&gt;&lt;/a&gt;</msg>
<doc>Takes a screenshot of the current page and embeds it into a log file.</doc>
<status status="PASS" start="2025-08-06T05:17:09.065673" elapsed="1.679974"/>
</kw>
<kw name="Close Browser" owner="SeleniumLibrary">
<doc>Closes the current browser.</doc>
<status status="PASS" start="2025-08-06T05:17:10.747234" elapsed="2.720404"/>
</kw>
<status status="PASS" start="2025-08-06T05:16:53.358474" elapsed="20.109732"/>
</test>
<status status="PASS" start="2025-08-06T05:16:52.805930" elapsed="20.665190"/>
</suite>
<status status="PASS" start="2025-08-06T05:16:52.729245" elapsed="20.743591"/>
</suite>
<statistics>
<total>
<stat pass="1" fail="0" skip="0">All Tests</stat>
</total>
<tag>
</tag>
<suite>
<stat name="Tests" id="s1" pass="1" fail="0" skip="0">Tests</stat>
<stat name="Example Test" id="s1-s1" pass="1" fail="0" skip="0">Tests.Example Test</stat>
</suite>
</statistics>
<errors>
</errors>
</robot>
